0 info it worked if it ends with ok
1 verbose cli [ 'C:\\Program Files\\nodejs\\node.exe',
1 verbose cli   'C:\\Program Files\\nodejs\\node_modules\\npm\\bin\\npm-cli.js',
1 verbose cli   'run',
1 verbose cli   'dev' ]
2 info using npm@3.10.10
3 info using node@v6.9.5
4 verbose run-script [ 'predev', 'dev', 'postdev' ]
5 info lifecycle litadmin@1.2.1~predev: litadmin@1.2.1
6 silly lifecycle litadmin@1.2.1~predev: no script for predev, continuing
7 info lifecycle litadmin@1.2.1~dev: litadmin@1.2.1
8 verbose lifecycle litadmin@1.2.1~dev: unsafe-perm in lifecycle true
9 verbose lifecycle litadmin@1.2.1~dev: PATH: C:\Program Files\nodejs\node_modules\npm\bin\node-gyp-bin;D:\github\vue-node-mock-element-ui\node_modules\.bin;C:\Program Files\Java\jdk1.8.0_102\bin;C:\Program Files\Java\jdk1.8.0_102\jre\bin;C:\Program Files\nodejs\;C:\Windows\system32;C:\Windows;C:\Windows\system32\wbem;C:\Program Files\MySQL\MySQL Server 5.5\bin;D:\Android\SDK\platform-tools;D:\Git\cmd;c:\program files\esafenet\cobra docguard client;C:\Users\USER\AppData\Roaming\npm
10 verbose lifecycle litadmin@1.2.1~dev: CWD: D:\github\vue-node-mock-element-ui
11 silly lifecycle litadmin@1.2.1~dev: Args: [ '/d /s /c', 'node build/dev-server.js' ]
12 silly lifecycle litadmin@1.2.1~dev: Returned: code: 3221225786  signal: null
13 info lifecycle litadmin@1.2.1~dev: Failed to exec dev script
14 verbose stack Error: litadmin@1.2.1 dev: `node build/dev-server.js`
14 verbose stack Exit status 3221225786
14 verbose stack     at EventEmitter.<anonymous> (C:\Program Files\nodejs\node_modules\npm\lib\utils\lifecycle.js:255:16)
14 verbose stack     at emitTwo (events.js:106:13)
14 verbose stack     at EventEmitter.emit (events.js:191:7)
14 verbose stack     at ChildProcess.<anonymous> (C:\Program Files\nodejs\node_modules\npm\lib\utils\spawn.js:40:14)
14 verbose stack     at emitTwo (events.js:106:13)
14 verbose stack     at ChildProcess.emit (events.js:191:7)
14 verbose stack     at maybeClose (internal/child_process.js:877:16)
14 verbose stack     at Process.ChildProcess._handle.onexit (internal/child_process.js:226:5)
15 verbose pkgid litadmin@1.2.1
16 verbose cwd D:\github\vue-node-mock-element-ui\src
17 error Windows_NT 6.3.9600
18 error argv "C:\\Program Files\\nodejs\\node.exe" "C:\\Program Files\\nodejs\\node_modules\\npm\\bin\\npm-cli.js" "run" "dev"
19 error node v6.9.5
20 error npm  v3.10.10
21 error code ELIFECYCLE
22 error litadmin@1.2.1 dev: `node build/dev-server.js`
22 error Exit status 3221225786
23 error Failed at the litadmin@1.2.1 dev script 'node build/dev-server.js'.
23 error Make sure you have the latest version of node.js and npm installed.
23 error If you do, this is most likely a problem with the litadmin package,
23 error not with npm itself.
23 error Tell the author that this fails on your system:
23 error     node build/dev-server.js
23 error You can get information on how to open an issue for this project with:
23 error     npm bugs litadmin
23 error Or if that isn't available, you can get their info via:
23 error     npm owner ls litadmin
23 error There is likely additional logging output above.
24 verbose exit [ 1, true ]
